[ 2017-02-23T00:03:46+08:00 ] 127.0.0.1 /PHP/admin.php?c=positioncontent
INFO: [ app_init ] --START--
INFO: Run Behavior\BuildLiteBehavior [ RunTime:0.000019s ]
INFO: [ app_init ] --END-- [ RunTime:0.000321s ]
INFO: [ app_begin ] --START--
INFO: Run Behavior\ReadHtmlCacheBehavior [ RunTime:0.001775s ]
INFO: [ app_begin ] --END-- [ RunTime:0.001947s ]

[ 2017-02-23T01:00:11+08:00 ] 127.0.0.1 /PHP/admin.php?c=positioncontent&a=add
INFO: [ app_init ] --START--
INFO: Run Behavior\BuildLiteBehavior [ RunTime:0.000020s ]
INFO: [ app_init ] --END-- [ RunTime:0.000358s ]
INFO: [ app_begin ] --START--
INFO: Run Behavior\ReadHtmlCacheBehavior [ RunTime:0.000778s ]
INFO: [ app_begin ] --END-- [ RunTime:0.002292s ]
INFO: [ view_parse ] --START--
INFO: [ template_filter ] --START--
INFO: Run Behavior\ContentReplaceBehavior [ RunTime:0.000073s ]
INFO: [ template_filter ] --END-- [ RunTime:0.000154s ]
SQL: SHOW COLUMNS FROM `obj_menu` [ RunTime:0.0051s ]
SQL: SELECT `menu_id`,`name`,`m`,`c`,`f` FROM `obj_menu` WHERE `status` = 1 AND `type` = 1  [ RunTime:0.0006s ]
NOTIC: [8] Undefined variable: positions E:\wamp\www\PHP\App\Runtime\Cache\Admin\79c7acd6949ac8435f996e3ca337aeb7.php 第 118 行.
INFO: Run Behavior\ParseTemplateBehavior [ RunTime:0.086239s ]
INFO: [ view_parse ] --END-- [ RunTime:0.086426s ]
INFO: [ view_filter ] --START--
INFO: Run Behavior\WriteHtmlCacheBehavior [ RunTime:0.001463s ]
INFO: [ view_filter ] --END-- [ RunTime:0.001706s ]
INFO: [ app_end ] --START--
INFO: Run Behavior\ShowPageTraceBehavior [ RunTime:0.001413s ]
INFO: [ app_end ] --END-- [ RunTime:0.001657s ]

[ 2017-02-23T01:00:11+08:00 ] 127.0.0.1 /PHP/admin.php?c=position
INFO: [ app_init ] --START--
INFO: Run Behavior\BuildLiteBehavior [ RunTime:0.000018s ]
INFO: [ app_init ] --END-- [ RunTime:0.000345s ]
INFO: [ app_begin ] --START--
INFO: Run Behavior\ReadHtmlCacheBehavior [ RunTime:0.000692s ]
INFO: [ app_begin ] --END-- [ RunTime:0.000758s ]
NOTIC: [2048] Declaration of Admin\Controller\PositionController::setStatus() should be compatible with Admin\Controller\CommonController::setStatus($model) E:\wamp\www\PHP\App\Admin\Controller\PositionController.class.php 第 8 行.
NOTIC: [2048] Declaration of Common\Model\PositionModel::find() should be compatible with Think\Model::find($options = Array) E:\wamp\www\PHP\App\Common\Model\PositionModel.class.php 第 8 行.
SQL: SHOW COLUMNS FROM `obj_position` [ RunTime:0.0021s ]
NOTIC: [2] Invalid argument supplied for foreach() E:\wamp\www\PHP\ThinkPHP\Library\Think\Db\Driver.class.php 第 493 行.
SQL: SELECT * FROM `obj_position` ORDER BY id  [ RunTime:0.0002s ]
SQL: SELECT COUNT(*) AS tp_count FROM `obj_position` LIMIT 1   [ RunTime:0.0002s ]
INFO: [ view_parse ] --START--
INFO: [ template_filter ] --START--
INFO: Run Behavior\ContentReplaceBehavior [ RunTime:0.000067s ]
INFO: [ template_filter ] --END-- [ RunTime:0.000138s ]
SQL: SHOW COLUMNS FROM `obj_menu` [ RunTime:0.0024s ]
SQL: SELECT `menu_id`,`name`,`m`,`c`,`f` FROM `obj_menu` WHERE `status` = 1 AND `type` = 1  [ RunTime:0.0004s ]
INFO: Run Behavior\ParseTemplateBehavior [ RunTime:0.013439s ]
INFO: [ view_parse ] --END-- [ RunTime:0.013523s ]
INFO: [ view_filter ] --START--
INFO: Run Behavior\WriteHtmlCacheBehavior [ RunTime:0.000416s ]
INFO: [ view_filter ] --END-- [ RunTime:0.000492s ]
INFO: [ app_end ] --START--
INFO: Run Behavior\ShowPageTraceBehavior [ RunTime:0.000884s ]
INFO: [ app_end ] --END-- [ RunTime:0.001033s ]

[ 2017-02-23T01:00:12+08:00 ] 127.0.0.1 /PHP/admin.php?c=content
INFO: [ app_init ] --START--
INFO: Run Behavior\BuildLiteBehavior [ RunTime:0.000030s ]
INFO: [ app_init ] --END-- [ RunTime:0.000464s ]
INFO: [ app_begin ] --START--
INFO: Run Behavior\ReadHtmlCacheBehavior [ RunTime:0.000559s ]
INFO: [ app_begin ] --END-- [ RunTime:0.000639s ]
NOTIC: [2048] Declaration of Admin\Controller\ContentController::listorder() should be compatible with Admin\Controller\CommonController::listorder($model) E:\wamp\www\PHP\App\Admin\Controller\ContentController.class.php 第 9 行.
NOTIC: [2048] Declaration of Admin\Controller\ContentController::setStatus() should be compatible with Admin\Controller\CommonController::setStatus($model) E:\wamp\www\PHP\App\Admin\Controller\ContentController.class.php 第 9 行.
NOTIC: [2048] Declaration of Common\Model\NewsModel::find() should be compatible with Think\Model::find($options = Array) E:\wamp\www\PHP\App\Common\Model\NewsModel.class.php 第 5 行.
SQL: SHOW COLUMNS FROM `obj_news` [ RunTime:0.0024s ]
NOTIC: [8] Undefined variable: cond E:\wamp\www\PHP\App\Admin\Controller\ContentController.class.php 第 24 行.
SQL: SELECT * FROM `obj_news` WHERE `status` <> -1 ORDER BY `listorder` desc,`news_id` desc LIMIT 0,5   [ RunTime:0.0005s ]
NOTIC: [8] Undefined variable: cond E:\wamp\www\PHP\App\Admin\Controller\ContentController.class.php 第 25 行.
SQL: SELECT COUNT(*) AS tp_count FROM `obj_news` LIMIT 1   [ RunTime:0.0001s ]
SQL: SHOW COLUMNS FROM `obj_menu` [ RunTime:0.0025s ]
SQL: SELECT `menu_id`,`name`,`m`,`c`,`f` FROM `obj_menu` WHERE `status` = 1 AND `type` = 2  [ RunTime:0.0004s ]
NOTIC: [2048] Declaration of Common\Model\PositionModel::find() should be compatible with Think\Model::find($options = Array) E:\wamp\www\PHP\App\Common\Model\PositionModel.class.php 第 90 行.
SQL: SHOW COLUMNS FROM `obj_position` [ RunTime:0.0029s ]
SQL: SELECT * FROM `obj_position` WHERE `status` = 1 ORDER BY id  [ RunTime:0.0002s ]
INFO: [ view_parse ] --START--
INFO: [ template_filter ] --START--
INFO: Run Behavior\ContentReplaceBehavior [ RunTime:0.000076s ]
INFO: [ template_filter ] --END-- [ RunTime:0.000146s ]
SQL: SELECT `menu_id`,`name`,`m`,`c`,`f` FROM `obj_menu` WHERE `status` = 1 AND `type` = 1  [ RunTime:0.0008s ]
NOTIC: [8] Undefined variable: catid E:\wamp\www\PHP\App\Runtime\Cache\Admin\6e3791952b5e133e055abbbf30a98617.php 第 112 行.
NOTIC: [8] Undefined variable: title E:\wamp\www\PHP\App\Runtime\Cache\Admin\6e3791952b5e133e055abbbf30a98617.php 第 120 行.
INFO: Run Behavior\ParseTemplateBehavior [ RunTime:0.013407s ]
INFO: [ view_parse ] --END-- [ RunTime:0.013480s ]
INFO: [ view_filter ] --START--
INFO: Run Behavior\WriteHtmlCacheBehavior [ RunTime:0.000420s ]
INFO: [ view_filter ] --END-- [ RunTime:0.000482s ]
INFO: [ app_end ] --START--
INFO: Run Behavior\ShowPageTraceBehavior [ RunTime:0.000517s ]
INFO: [ app_end ] --END-- [ RunTime:0.000581s ]

[ 2017-02-23T01:00:12+08:00 ] 127.0.0.1 /PHP/admin.php?c=content
INFO: [ app_init ] --START--
INFO: Run Behavior\BuildLiteBehavior [ RunTime:0.000023s ]
INFO: [ app_init ] --END-- [ RunTime:0.000382s ]
INFO: [ app_begin ] --START--
INFO: Run Behavior\ReadHtmlCacheBehavior [ RunTime:0.000596s ]
INFO: [ app_begin ] --END-- [ RunTime:0.000685s ]
NOTIC: [2048] Declaration of Admin\Controller\ContentController::listorder() should be compatible with Admin\Controller\CommonController::listorder($model) E:\wamp\www\PHP\App\Admin\Controller\ContentController.class.php 第 9 行.
NOTIC: [2048] Declaration of Admin\Controller\ContentController::setStatus() should be compatible with Admin\Controller\CommonController::setStatus($model) E:\wamp\www\PHP\App\Admin\Controller\ContentController.class.php 第 9 行.
NOTIC: [2048] Declaration of Common\Model\NewsModel::find() should be compatible with Think\Model::find($options = Array) E:\wamp\www\PHP\App\Common\Model\NewsModel.class.php 第 5 行.
SQL: SHOW COLUMNS FROM `obj_news` [ RunTime:0.0020s ]
NOTIC: [8] Undefined variable: cond E:\wamp\www\PHP\App\Admin\Controller\ContentController.class.php 第 24 行.
SQL: SELECT * FROM `obj_news` WHERE `status` <> -1 ORDER BY `listorder` desc,`news_id` desc LIMIT 0,5   [ RunTime:0.0004s ]
NOTIC: [8] Undefined variable: cond E:\wamp\www\PHP\App\Admin\Controller\ContentController.class.php 第 25 行.
SQL: SELECT COUNT(*) AS tp_count FROM `obj_news` LIMIT 1   [ RunTime:0.0001s ]
SQL: SHOW COLUMNS FROM `obj_menu` [ RunTime:0.0019s ]
SQL: SELECT `menu_id`,`name`,`m`,`c`,`f` FROM `obj_menu` WHERE `status` = 1 AND `type` = 2  [ RunTime:0.0003s ]
NOTIC: [2048] Declaration of Common\Model\PositionModel::find() should be compatible with Think\Model::find($options = Array) E:\wamp\www\PHP\App\Common\Model\PositionModel.class.php 第 90 行.
SQL: SHOW COLUMNS FROM `obj_position` [ RunTime:0.0028s ]
SQL: SELECT * FROM `obj_position` WHERE `status` = 1 ORDER BY id  [ RunTime:0.0009s ]
INFO: [ view_parse ] --START--
INFO: [ template_filter ] --START--
INFO: Run Behavior\ContentReplaceBehavior [ RunTime:0.000080s ]
INFO: [ template_filter ] --END-- [ RunTime:0.000151s ]
SQL: SELECT `menu_id`,`name`,`m`,`c`,`f` FROM `obj_menu` WHERE `status` = 1 AND `type` = 1  [ RunTime:0.0003s ]
NOTIC: [8] Undefined variable: catid E:\wamp\www\PHP\App\Runtime\Cache\Admin\6e3791952b5e133e055abbbf30a98617.php 第 112 行.
NOTIC: [8] Undefined variable: title E:\wamp\www\PHP\App\Runtime\Cache\Admin\6e3791952b5e133e055abbbf30a98617.php 第 120 行.
INFO: Run Behavior\ParseTemplateBehavior [ RunTime:0.013286s ]
INFO: [ view_parse ] --END-- [ RunTime:0.013384s ]
INFO: [ view_filter ] --START--
INFO: Run Behavior\WriteHtmlCacheBehavior [ RunTime:0.000446s ]
INFO: [ view_filter ] --END-- [ RunTime:0.000508s ]
INFO: [ app_end ] --START--
INFO: Run Behavior\ShowPageTraceBehavior [ RunTime:0.000516s ]
INFO: [ app_end ] --END-- [ RunTime:0.000578s ]

[ 2017-02-23T01:00:13+08:00 ] 127.0.0.1 /PHP/admin.php?c=content
INFO: [ app_init ] --START--
INFO: Run Behavior\BuildLiteBehavior [ RunTime:0.000018s ]
INFO: [ app_init ] --END-- [ RunTime:0.000306s ]
INFO: [ app_begin ] --START--
INFO: Run Behavior\ReadHtmlCacheBehavior [ RunTime:0.000579s ]
INFO: [ app_begin ] --END-- [ RunTime:0.000655s ]
NOTIC: [2048] Declaration of Admin\Controller\ContentController::listorder() should be compatible with Admin\Controller\CommonController::listorder($model) E:\wamp\www\PHP\App\Admin\Controller\ContentController.class.php 第 9 行.
NOTIC: [2048] Declaration of Admin\Controller\ContentController::setStatus() should be compatible with Admin\Controller\CommonController::setStatus($model) E:\wamp\www\PHP\App\Admin\Controller\ContentController.class.php 第 9 行.
NOTIC: [2048] Declaration of Common\Model\NewsModel::find() should be compatible with Think\Model::find($options = Array) E:\wamp\www\PHP\App\Common\Model\NewsModel.class.php 第 5 行.
SQL: SHOW COLUMNS FROM `obj_news` [ RunTime:0.0329s ]
NOTIC: [8] Undefined variable: cond E:\wamp\www\PHP\App\Admin\Controller\ContentController.class.php 第 24 行.
SQL: SELECT * FROM `obj_news` WHERE `status` <> -1 ORDER BY `listorder` desc,`news_id` desc LIMIT 0,5   [ RunTime:0.0004s ]
NOTIC: [8] Undefined variable: cond E:\wamp\www\PHP\App\Admin\Controller\ContentController.class.php 第 25 行.
SQL: SELECT COUNT(*) AS tp_count FROM `obj_news` LIMIT 1   [ RunTime:0.0001s ]
SQL: SHOW COLUMNS FROM `obj_menu` [ RunTime:0.0023s ]
SQL: SELECT `menu_id`,`name`,`m`,`c`,`f` FROM `obj_menu` WHERE `status` = 1 AND `type` = 2  [ RunTime:0.0002s ]
NOTIC: [2048] Declaration of Common\Model\PositionModel::find() should be compatible with Think\Model::find($options = Array) E:\wamp\www\PHP\App\Common\Model\PositionModel.class.php 第 90 行.
SQL: SHOW COLUMNS FROM `obj_position` [ RunTime:0.0021s ]
SQL: SELECT * FROM `obj_position` WHERE `status` = 1 ORDER BY id  [ RunTime:0.0003s ]
INFO: [ view_parse ] --START--
INFO: [ template_filter ] --START--
INFO: Run Behavior\ContentReplaceBehavior [ RunTime:0.000096s ]
INFO: [ template_filter ] --END-- [ RunTime:0.000205s ]
SQL: SELECT `menu_id`,`name`,`m`,`c`,`f` FROM `obj_menu` WHERE `status` = 1 AND `type` = 1  [ RunTime:0.0003s ]
NOTIC: [8] Undefined variable: catid E:\wamp\www\PHP\App\Runtime\Cache\Admin\6e3791952b5e133e055abbbf30a98617.php 第 112 行.
NOTIC: [8] Undefined variable: title E:\wamp\www\PHP\App\Runtime\Cache\Admin\6e3791952b5e133e055abbbf30a98617.php 第 120 行.
INFO: Run Behavior\ParseTemplateBehavior [ RunTime:0.013921s ]
INFO: [ view_parse ] --END-- [ RunTime:0.014028s ]
INFO: [ view_filter ] --START--
INFO: Run Behavior\WriteHtmlCacheBehavior [ RunTime:0.000400s ]
INFO: [ view_filter ] --END-- [ RunTime:0.000458s ]
INFO: [ app_end ] --START--
INFO: Run Behavior\ShowPageTraceBehavior [ RunTime:0.000530s ]
INFO: [ app_end ] --END-- [ RunTime:0.000600s ]

[ 2017-02-23T01:00:13+08:00 ] 127.0.0.1 /PHP/admin.php?c=content
INFO: [ app_init ] --START--
INFO: Run Behavior\BuildLiteBehavior [ RunTime:0.000032s ]
INFO: [ app_init ] --END-- [ RunTime:0.000528s ]
INFO: [ app_begin ] --START--
INFO: Run Behavior\ReadHtmlCacheBehavior [ RunTime:0.000843s ]
INFO: [ app_begin ] --END-- [ RunTime:0.000967s ]
NOTIC: [2048] Declaration of Admin\Controller\ContentController::listorder() should be compatible with Admin\Controller\CommonController::listorder($model) E:\wamp\www\PHP\App\Admin\Controller\ContentController.class.php 第 9 行.
NOTIC: [2048] Declaration of Admin\Controller\ContentController::setStatus() should be compatible with Admin\Controller\CommonController::setStatus($model) E:\wamp\www\PHP\App\Admin\Controller\ContentController.class.php 第 9 行.
NOTIC: [2048] Declaration of Common\Model\NewsModel::find() should be compatible with Think\Model::find($options = Array) E:\wamp\www\PHP\App\Common\Model\NewsModel.class.php 第 5 行.
SQL: SHOW COLUMNS FROM `obj_news` [ RunTime:0.0030s ]
NOTIC: [8] Undefined variable: cond E:\wamp\www\PHP\App\Admin\Controller\ContentController.class.php 第 24 行.
SQL: SELECT * FROM `obj_news` WHERE `status` <> -1 ORDER BY `listorder` desc,`news_id` desc LIMIT 0,5   [ RunTime:0.0004s ]
NOTIC: [8] Undefined variable: cond E:\wamp\www\PHP\App\Admin\Controller\ContentController.class.php 第 25 行.
SQL: SELECT COUNT(*) AS tp_count FROM `obj_news` LIMIT 1   [ RunTime:0.0003s ]
SQL: SHOW COLUMNS FROM `obj_menu` [ RunTime:0.0043s ]
SQL: SELECT `menu_id`,`name`,`m`,`c`,`f` FROM `obj_menu` WHERE `status` = 1 AND `type` = 2  [ RunTime:0.0004s ]
NOTIC: [2048] Declaration of Common\Model\PositionModel::find() should be compatible with Think\Model::find($options = Array) E:\wamp\www\PHP\App\Common\Model\PositionModel.class.php 第 90 行.
SQL: SHOW COLUMNS FROM `obj_position` [ RunTime:0.0026s ]
SQL: SELECT * FROM `obj_position` WHERE `status` = 1 ORDER BY id  [ RunTime:0.0003s ]
INFO: [ view_parse ] --START--
INFO: [ template_filter ] --START--
INFO: Run Behavior\ContentReplaceBehavior [ RunTime:0.000081s ]
INFO: [ template_filter ] --END-- [ RunTime:0.000153s ]
SQL: SELECT `menu_id`,`name`,`m`,`c`,`f` FROM `obj_menu` WHERE `status` = 1 AND `type` = 1  [ RunTime:0.0003s ]
NOTIC: [8] Undefined variable: catid E:\wamp\www\PHP\App\Runtime\Cache\Admin\6e3791952b5e133e055abbbf30a98617.php 第 112 行.
NOTIC: [8] Undefined variable: title E:\wamp\www\PHP\App\Runtime\Cache\Admin\6e3791952b5e133e055abbbf30a98617.php 第 120 行.
INFO: Run Behavior\ParseTemplateBehavior [ RunTime:0.015408s ]
INFO: [ view_parse ] --END-- [ RunTime:0.015516s ]
INFO: [ view_filter ] --START--
INFO: Run Behavior\WriteHtmlCacheBehavior [ RunTime:0.000430s ]
INFO: [ view_filter ] --END-- [ RunTime:0.000492s ]
INFO: [ app_end ] --START--
INFO: Run Behavior\ShowPageTraceBehavior [ RunTime:0.000507s ]
INFO: [ app_end ] --END-- [ RunTime:0.000584s ]

[ 2017-02-23T01:00:21+08:00 ] 127.0.0.1 /PHP/admin.php?c=content&a=push
INFO: [ app_init ] --START--
INFO: Run Behavior\BuildLiteBehavior [ RunTime:0.000029s ]
INFO: [ app_init ] --END-- [ RunTime:0.000526s ]
INFO: [ app_begin ] --START--
INFO: Run Behavior\ReadHtmlCacheBehavior [ RunTime:0.001166s ]
INFO: [ app_begin ] --END-- [ RunTime:0.001290s ]
NOTIC: [2048] Declaration of Admin\Controller\ContentController::listorder() should be compatible with Admin\Controller\CommonController::listorder($model) E:\wamp\www\PHP\App\Admin\Controller\ContentController.class.php 第 9 行.
NOTIC: [2048] Declaration of Admin\Controller\ContentController::setStatus() should be compatible with Admin\Controller\CommonController::setStatus($model) E:\wamp\www\PHP\App\Admin\Controller\ContentController.class.php 第 9 行.
NOTIC: [2048] Declaration of Common\Model\NewsModel::find() should be compatible with Think\Model::find($options = Array) E:\wamp\www\PHP\App\Common\Model\NewsModel.class.php 第 5 行.
SQL: SHOW COLUMNS FROM `obj_news` [ RunTime:0.0029s ]
SQL: SELECT * FROM `obj_news` WHERE `status` <> -1 AND `news_id` IN ('20','19')  [ RunTime:0.0003s ]
NOTIC: [8] Undefined index: title E:\wamp\www\PHP\App\Admin\Controller\ContentController.class.php 第 131 行.
NOTIC: [8] Undefined index: thumb E:\wamp\www\PHP\App\Admin\Controller\ContentController.class.php 第 132 行.
NOTIC: [8] Undefined index: news_id E:\wamp\www\PHP\App\Admin\Controller\ContentController.class.php 第 133 行.
NOTIC: [2048] Declaration of Common\Model\PositionContentModel::find() should be compatible with Think\Model::find($options = Array) E:\wamp\www\PHP\App\Common\Model\PositionContentModel.class.php 第 89 行.
SQL: SHOW COLUMNS FROM `obj_position_content` [ RunTime:0.0031s ]
ERR: SQLSTATE[23000]: Integrity constraint violation: 1048 Column 'title' cannot be null

[ 2017-02-23T01:00:45+08:00 ] 127.0.0.1 /PHP/admin.php?c=content
INFO: [ app_init ] --START--
INFO: Run Behavior\BuildLiteBehavior [ RunTime:0.000027s ]
INFO: [ app_init ] --END-- [ RunTime:0.000489s ]
INFO: [ app_begin ] --START--
INFO: Run Behavior\ReadHtmlCacheBehavior [ RunTime:0.000685s ]
INFO: [ app_begin ] --END-- [ RunTime:0.000799s ]
NOTIC: [2048] Declaration of Admin\Controller\ContentController::listorder() should be compatible with Admin\Controller\CommonController::listorder($model) E:\wamp\www\PHP\App\Admin\Controller\ContentController.class.php 第 9 行.
NOTIC: [2048] Declaration of Admin\Controller\ContentController::setStatus() should be compatible with Admin\Controller\CommonController::setStatus($model) E:\wamp\www\PHP\App\Admin\Controller\ContentController.class.php 第 9 行.
NOTIC: [2048] Declaration of Common\Model\NewsModel::find() should be compatible with Think\Model::find($options = Array) E:\wamp\www\PHP\App\Common\Model\NewsModel.class.php 第 5 行.
SQL: SHOW COLUMNS FROM `obj_news` [ RunTime:0.0021s ]
NOTIC: [8] Undefined variable: cond E:\wamp\www\PHP\App\Admin\Controller\ContentController.class.php 第 24 行.
SQL: SELECT * FROM `obj_news` WHERE `status` <> -1 ORDER BY `listorder` desc,`news_id` desc LIMIT 0,5   [ RunTime:0.0003s ]
NOTIC: [8] Undefined variable: cond E:\wamp\www\PHP\App\Admin\Controller\ContentController.class.php 第 25 行.
SQL: SELECT COUNT(*) AS tp_count FROM `obj_news` LIMIT 1   [ RunTime:0.0001s ]
SQL: SHOW COLUMNS FROM `obj_menu` [ RunTime:0.0020s ]
SQL: SELECT `menu_id`,`name`,`m`,`c`,`f` FROM `obj_menu` WHERE `status` = 1 AND `type` = 2  [ RunTime:0.0002s ]
NOTIC: [2048] Declaration of Common\Model\PositionModel::find() should be compatible with Think\Model::find($options = Array) E:\wamp\www\PHP\App\Common\Model\PositionModel.class.php 第 90 行.
SQL: SHOW COLUMNS FROM `obj_position` [ RunTime:0.0017s ]
SQL: SELECT * FROM `obj_position` WHERE `status` = 1 ORDER BY id  [ RunTime:0.0002s ]
INFO: [ view_parse ] --START--
INFO: [ template_filter ] --START--
INFO: Run Behavior\ContentReplaceBehavior [ RunTime:0.000081s ]
INFO: [ template_filter ] --END-- [ RunTime:0.000152s ]
SQL: SELECT `menu_id`,`name`,`m`,`c`,`f` FROM `obj_menu` WHERE `status` = 1 AND `type` = 1  [ RunTime:0.0003s ]
NOTIC: [8] Undefined variable: catid E:\wamp\www\PHP\App\Runtime\Cache\Admin\6e3791952b5e133e055abbbf30a98617.php 第 112 行.
NOTIC: [8] Undefined variable: title E:\wamp\www\PHP\App\Runtime\Cache\Admin\6e3791952b5e133e055abbbf30a98617.php 第 120 行.
INFO: Run Behavior\ParseTemplateBehavior [ RunTime:0.015350s ]
INFO: [ view_parse ] --END-- [ RunTime:0.015423s ]
INFO: [ view_filter ] --START--
INFO: Run Behavior\WriteHtmlCacheBehavior [ RunTime:0.000592s ]
INFO: [ view_filter ] --END-- [ RunTime:0.000672s ]
INFO: [ app_end ] --START--
INFO: Run Behavior\ShowPageTraceBehavior [ RunTime:0.000575s ]
INFO: [ app_end ] --END-- [ RunTime:0.000648s ]

[ 2017-02-23T01:00:58+08:00 ] 127.0.0.1 /PHP/admin.php?c=content&a=push
INFO: [ app_init ] --START--
INFO: Run Behavior\BuildLiteBehavior [ RunTime:0.000019s ]
INFO: [ app_init ] --END-- [ RunTime:0.000343s ]
INFO: [ app_begin ] --START--
INFO: Run Behavior\ReadHtmlCacheBehavior [ RunTime:0.000397s ]
INFO: [ app_begin ] --END-- [ RunTime:0.000455s ]
NOTIC: [2048] Declaration of Admin\Controller\ContentController::listorder() should be compatible with Admin\Controller\CommonController::listorder($model) E:\wamp\www\PHP\App\Admin\Controller\ContentController.class.php 第 9 行.
NOTIC: [2048] Declaration of Admin\Controller\ContentController::setStatus() should be compatible with Admin\Controller\CommonController::setStatus($model) E:\wamp\www\PHP\App\Admin\Controller\ContentController.class.php 第 9 行.
NOTIC: [2048] Declaration of Common\Model\NewsModel::find() should be compatible with Think\Model::find($options = Array) E:\wamp\www\PHP\App\Common\Model\NewsModel.class.php 第 5 行.
SQL: SHOW COLUMNS FROM `obj_news` [ RunTime:0.0190s ]
SQL: SELECT * FROM `obj_news` WHERE `status` <> -1 AND `news_id` IN ('20','19')  [ RunTime:0.0005s ]
NOTIC: [8] Undefined index: title E:\wamp\www\PHP\App\Admin\Controller\ContentController.class.php 第 131 行.
NOTIC: [8] Undefined index: thumb E:\wamp\www\PHP\App\Admin\Controller\ContentController.class.php 第 132 行.
NOTIC: [8] Undefined index: news_id E:\wamp\www\PHP\App\Admin\Controller\ContentController.class.php 第 133 行.
NOTIC: [2048] Declaration of Common\Model\PositionContentModel::find() should be compatible with Think\Model::find($options = Array) E:\wamp\www\PHP\App\Common\Model\PositionContentModel.class.php 第 89 行.
SQL: SHOW COLUMNS FROM `obj_position_content` [ RunTime:0.0025s ]
ERR: SQLSTATE[23000]: Integrity constraint violation: 1048 Column 'title' cannot be null

[ 2017-02-23T01:01:12+08:00 ] 127.0.0.1 /PHP/admin.php?c=content
INFO: [ app_init ] --START--
INFO: Run Behavior\BuildLiteBehavior [ RunTime:0.000034s ]
INFO: [ app_init ] --END-- [ RunTime:0.000460s ]
INFO: [ app_begin ] --START--
INFO: Run Behavior\ReadHtmlCacheBehavior [ RunTime:0.001316s ]
INFO: [ app_begin ] --END-- [ RunTime:0.001450s ]
NOTIC: [2048] Declaration of Admin\Controller\ContentController::listorder() should be compatible with Admin\Controller\CommonController::listorder($model) E:\wamp\www\PHP\App\Admin\Controller\ContentController.class.php 第 9 行.
NOTIC: [2048] Declaration of Admin\Controller\ContentController::setStatus() should be compatible with Admin\Controller\CommonController::setStatus($model) E:\wamp\www\PHP\App\Admin\Controller\ContentController.class.php 第 9 行.
NOTIC: [2048] Declaration of Common\Model\NewsModel::find() should be compatible with Think\Model::find($options = Array) E:\wamp\www\PHP\App\Common\Model\NewsModel.class.php 第 5 行.
SQL: SHOW COLUMNS FROM `obj_news` [ RunTime:0.0050s ]
NOTIC: [8] Undefined variable: cond E:\wamp\www\PHP\App\Admin\Controller\ContentController.class.php 第 24 行.
SQL: SELECT * FROM `obj_news` WHERE `status` <> -1 ORDER BY `listorder` desc,`news_id` desc LIMIT 0,5   [ RunTime:0.0014s ]
NOTIC: [8] Undefined variable: cond E:\wamp\www\PHP\App\Admin\Controller\ContentController.class.php 第 25 行.
SQL: SELECT COUNT(*) AS tp_count FROM `obj_news` LIMIT 1   [ RunTime:0.0002s ]
SQL: SHOW COLUMNS FROM `obj_menu` [ RunTime:0.0020s ]
SQL: SELECT `menu_id`,`name`,`m`,`c`,`f` FROM `obj_menu` WHERE `status` = 1 AND `type` = 2  [ RunTime:0.0003s ]
NOTIC: [2048] Declaration of Common\Model\PositionModel::find() should be compatible with Think\Model::find($options = Array) E:\wamp\www\PHP\App\Common\Model\PositionModel.class.php 第 90 行.
SQL: SHOW COLUMNS FROM `obj_position` [ RunTime:0.0028s ]
SQL: SELECT * FROM `obj_position` WHERE `status` = 1 ORDER BY id  [ RunTime:0.0002s ]
INFO: [ view_parse ] --START--
INFO: [ template_filter ] --START--
INFO: Run Behavior\ContentReplaceBehavior [ RunTime:0.000079s ]
INFO: [ template_filter ] --END-- [ RunTime:0.000154s ]
SQL: SELECT `menu_id`,`name`,`m`,`c`,`f` FROM `obj_menu` WHERE `status` = 1 AND `type` = 1  [ RunTime:0.0003s ]
NOTIC: [8] Undefined variable: catid E:\wamp\www\PHP\App\Runtime\Cache\Admin\6e3791952b5e133e055abbbf30a98617.php 第 112 行.
NOTIC: [8] Undefined variable: title E:\wamp\www\PHP\App\Runtime\Cache\Admin\6e3791952b5e133e055abbbf30a98617.php 第 120 行.
INFO: Run Behavior\ParseTemplateBehavior [ RunTime:0.014418s ]
INFO: [ view_parse ] --END-- [ RunTime:0.014517s ]
INFO: [ view_filter ] --START--
INFO: Run Behavior\WriteHtmlCacheBehavior [ RunTime:0.000460s ]
INFO: [ view_filter ] --END-- [ RunTime:0.000556s ]
INFO: [ app_end ] --START--
INFO: Run Behavior\ShowPageTraceBehavior [ RunTime:0.000665s ]
INFO: [ app_end ] --END-- [ RunTime:0.000761s ]

[ 2017-02-23T01:01:16+08:00 ] 127.0.0.1 /PHP/admin.php?c=content&a=push
INFO: [ app_init ] --START--
INFO: Run Behavior\BuildLiteBehavior [ RunTime:0.000022s ]
INFO: [ app_init ] --END-- [ RunTime:0.000338s ]
INFO: [ app_begin ] --START--
INFO: Run Behavior\ReadHtmlCacheBehavior [ RunTime:0.000410s ]
INFO: [ app_begin ] --END-- [ RunTime:0.000480s ]
NOTIC: [2048] Declaration of Admin\Controller\ContentController::listorder() should be compatible with Admin\Controller\CommonController::listorder($model) E:\wamp\www\PHP\App\Admin\Controller\ContentController.class.php 第 9 行.
NOTIC: [2048] Declaration of Admin\Controller\ContentController::setStatus() should be compatible with Admin\Controller\CommonController::setStatus($model) E:\wamp\www\PHP\App\Admin\Controller\ContentController.class.php 第 9 行.
NOTIC: [2048] Declaration of Common\Model\NewsModel::find() should be compatible with Think\Model::find($options = Array) E:\wamp\www\PHP\App\Common\Model\NewsModel.class.php 第 5 行.
SQL: SHOW COLUMNS FROM `obj_news` [ RunTime:0.0020s ]
SQL: SELECT * FROM `obj_news` WHERE `status` <> -1 AND `news_id` IN ('20','19')  [ RunTime:0.0003s ]
NOTIC: [8] Undefined index: title E:\wamp\www\PHP\App\Admin\Controller\ContentController.class.php 第 131 行.
NOTIC: [8] Undefined index: thumb E:\wamp\www\PHP\App\Admin\Controller\ContentController.class.php 第 132 行.
NOTIC: [8] Undefined index: news_id E:\wamp\www\PHP\App\Admin\Controller\ContentController.class.php 第 133 行.
NOTIC: [2048] Declaration of Common\Model\PositionContentModel::find() should be compatible with Think\Model::find($options = Array) E:\wamp\www\PHP\App\Common\Model\PositionContentModel.class.php 第 89 行.
SQL: SHOW COLUMNS FROM `obj_position_content` [ RunTime:0.0023s ]
ERR: SQLSTATE[23000]: Integrity constraint violation: 1048 Column 'title' cannot be null

[ 2017-02-23T01:02:20+08:00 ] 127.0.0.1 /PHP/admin.php?c=content
INFO: [ app_init ] --START--
INFO: Run Behavior\BuildLiteBehavior [ RunTime:0.000057s ]
INFO: [ app_init ] --END-- [ RunTime:0.001099s ]
INFO: [ app_begin ] --START--
INFO: Run Behavior\ReadHtmlCacheBehavior [ RunTime:0.000586s ]
INFO: [ app_begin ] --END-- [ RunTime:0.000679s ]
NOTIC: [2048] Declaration of Admin\Controller\ContentController::listorder() should be compatible with Admin\Controller\CommonController::listorder($model) E:\wamp\www\PHP\App\Admin\Controller\ContentController.class.php 第 9 行.
NOTIC: [2048] Declaration of Admin\Controller\ContentController::setStatus() should be compatible with Admin\Controller\CommonController::setStatus($model) E:\wamp\www\PHP\App\Admin\Controller\ContentController.class.php 第 9 行.
NOTIC: [2048] Declaration of Common\Model\NewsModel::find() should be compatible with Think\Model::find($options = Array) E:\wamp\www\PHP\App\Common\Model\NewsModel.class.php 第 5 行.
SQL: SHOW COLUMNS FROM `obj_news` [ RunTime:0.0019s ]
NOTIC: [8] Undefined variable: cond E:\wamp\www\PHP\App\Admin\Controller\ContentController.class.php 第 24 行.
SQL: SELECT * FROM `obj_news` WHERE `status` <> -1 ORDER BY `listorder` desc,`news_id` desc LIMIT 0,5   [ RunTime:0.0003s ]
NOTIC: [8] Undefined variable: cond E:\wamp\www\PHP\App\Admin\Controller\ContentController.class.php 第 25 行.
SQL: SELECT COUNT(*) AS tp_count FROM `obj_news` LIMIT 1   [ RunTime:0.0001s ]
SQL: SHOW COLUMNS FROM `obj_menu` [ RunTime:0.0025s ]
SQL: SELECT `menu_id`,`name`,`m`,`c`,`f` FROM `obj_menu` WHERE `status` = 1 AND `type` = 2  [ RunTime:0.0003s ]
NOTIC: [2048] Declaration of Common\Model\PositionModel::find() should be compatible with Think\Model::find($options = Array) E:\wamp\www\PHP\App\Common\Model\PositionModel.class.php 第 90 行.
SQL: SHOW COLUMNS FROM `obj_position` [ RunTime:0.0028s ]
SQL: SELECT * FROM `obj_position` WHERE `status` = 1 ORDER BY id  [ RunTime:0.0002s ]
INFO: [ view_parse ] --START--
INFO: [ template_filter ] --START--
INFO: Run Behavior\ContentReplaceBehavior [ RunTime:0.000077s ]
INFO: [ template_filter ] --END-- [ RunTime:0.000148s ]
SQL: SELECT `menu_id`,`name`,`m`,`c`,`f` FROM `obj_menu` WHERE `status` = 1 AND `type` = 1  [ RunTime:0.0003s ]
NOTIC: [8] Undefined variable: catid E:\wamp\www\PHP\App\Runtime\Cache\Admin\6e3791952b5e133e055abbbf30a98617.php 第 112 行.
NOTIC: [8] Undefined variable: title E:\wamp\www\PHP\App\Runtime\Cache\Admin\6e3791952b5e133e055abbbf30a98617.php 第 120 行.
INFO: Run Behavior\ParseTemplateBehavior [ RunTime:0.011789s ]
INFO: [ view_parse ] --END-- [ RunTime:0.012015s ]
INFO: [ view_filter ] --START--
INFO: Run Behavior\WriteHtmlCacheBehavior [ RunTime:0.000493s ]
INFO: [ view_filter ] --END-- [ RunTime:0.000598s ]
INFO: [ app_end ] --START--
INFO: Run Behavior\ShowPageTraceBehavior [ RunTime:0.000766s ]
INFO: [ app_end ] --END-- [ RunTime:0.000888s ]

[ 2017-02-23T01:02:24+08:00 ] 127.0.0.1 /PHP/admin.php?c=content&a=push
INFO: [ app_init ] --START--
INFO: Run Behavior\BuildLiteBehavior [ RunTime:0.000020s ]
INFO: [ app_init ] --END-- [ RunTime:0.000309s ]
INFO: [ app_begin ] --START--
INFO: Run Behavior\ReadHtmlCacheBehavior [ RunTime:0.000372s ]
INFO: [ app_begin ] --END-- [ RunTime:0.000438s ]
NOTIC: [2048] Declaration of Admin\Controller\ContentController::listorder() should be compatible with Admin\Controller\CommonController::listorder($model) E:\wamp\www\PHP\App\Admin\Controller\ContentController.class.php 第 9 行.
NOTIC: [2048] Declaration of Admin\Controller\ContentController::setStatus() should be compatible with Admin\Controller\CommonController::setStatus($model) E:\wamp\www\PHP\App\Admin\Controller\ContentController.class.php 第 9 行.
NOTIC: [2048] Declaration of Common\Model\NewsModel::find() should be compatible with Think\Model::find($options = Array) E:\wamp\www\PHP\App\Common\Model\NewsModel.class.php 第 5 行.
SQL: SHOW COLUMNS FROM `obj_news` [ RunTime:0.0023s ]
SQL: SELECT * FROM `obj_news` WHERE `status` <> -1 AND `news_id` IN ('20','19')  [ RunTime:0.0003s ]
NOTIC: [8] Undefined index: news_title E:\wamp\www\PHP\App\Admin\Controller\ContentController.class.php 第 131 行.
NOTIC: [8] Undefined index: thumb E:\wamp\www\PHP\App\Admin\Controller\ContentController.class.php 第 132 行.
NOTIC: [8] Undefined index: news_id E:\wamp\www\PHP\App\Admin\Controller\ContentController.class.php 第 133 行.
NOTIC: [2048] Declaration of Common\Model\PositionContentModel::find() should be compatible with Think\Model::find($options = Array) E:\wamp\www\PHP\App\Common\Model\PositionContentModel.class.php 第 89 行.
SQL: SHOW COLUMNS FROM `obj_position_content` [ RunTime:0.0021s ]
ERR: SQLSTATE[23000]: Integrity constraint violation: 1048 Column 'title' cannot be null

[ 2017-02-23T01:02:47+08:00 ] 127.0.0.1 /PHP/admin.php?c=content
INFO: [ app_init ] --START--
INFO: Run Behavior\BuildLiteBehavior [ RunTime:0.000022s ]
INFO: [ app_init ] --END-- [ RunTime:0.000300s ]
INFO: [ app_begin ] --START--
INFO: Run Behavior\ReadHtmlCacheBehavior [ RunTime:0.000395s ]
INFO: [ app_begin ] --END-- [ RunTime:0.000475s ]
NOTIC: [2048] Declaration of Admin\Controller\ContentController::listorder() should be compatible with Admin\Controller\CommonController::listorder($model) E:\wamp\www\PHP\App\Admin\Controller\ContentController.class.php 第 9 行.
NOTIC: [2048] Declaration of Admin\Controller\ContentController::setStatus() should be compatible with Admin\Controller\CommonController::setStatus($model) E:\wamp\www\PHP\App\Admin\Controller\ContentController.class.php 第 9 行.
NOTIC: [2048] Declaration of Common\Model\NewsModel::find() should be compatible with Think\Model::find($options = Array) E:\wamp\www\PHP\App\Common\Model\NewsModel.class.php 第 5 行.
SQL: SHOW COLUMNS FROM `obj_news` [ RunTime:0.0018s ]
NOTIC: [8] Undefined variable: cond E:\wamp\www\PHP\App\Admin\Controller\ContentController.class.php 第 24 行.
SQL: SELECT * FROM `obj_news` WHERE `status` <> -1 ORDER BY `listorder` desc,`news_id` desc LIMIT 0,5   [ RunTime:0.0003s ]
NOTIC: [8] Undefined variable: cond E:\wamp\www\PHP\App\Admin\Controller\ContentController.class.php 第 25 行.
SQL: SELECT COUNT(*) AS tp_count FROM `obj_news` LIMIT 1   [ RunTime:0.0001s ]
SQL: SHOW COLUMNS FROM `obj_menu` [ RunTime:0.0021s ]
SQL: SELECT `menu_id`,`name`,`m`,`c`,`f` FROM `obj_menu` WHERE `status` = 1 AND `type` = 2  [ RunTime:0.0003s ]
NOTIC: [2048] Declaration of Common\Model\PositionModel::find() should be compatible with Think\Model::find($options = Array) E:\wamp\www\PHP\App\Common\Model\PositionModel.class.php 第 90 行.
SQL: SHOW COLUMNS FROM `obj_position` [ RunTime:0.0019s ]
SQL: SELECT * FROM `obj_position` WHERE `status` = 1 ORDER BY id  [ RunTime:0.0002s ]
INFO: [ view_parse ] --START--
INFO: [ template_filter ] --START--
INFO: Run Behavior\ContentReplaceBehavior [ RunTime:0.000079s ]
INFO: [ template_filter ] --END-- [ RunTime:0.000150s ]
SQL: SELECT `menu_id`,`name`,`m`,`c`,`f` FROM `obj_menu` WHERE `status` = 1 AND `type` = 1  [ RunTime:0.0012s ]
NOTIC: [8] Undefined variable: catid E:\wamp\www\PHP\App\Runtime\Cache\Admin\6e3791952b5e133e055abbbf30a98617.php 第 112 行.
NOTIC: [8] Undefined variable: title E:\wamp\www\PHP\App\Runtime\Cache\Admin\6e3791952b5e133e055abbbf30a98617.php 第 120 行.
INFO: Run Behavior\ParseTemplateBehavior [ RunTime:0.013503s ]
INFO: [ view_parse ] --END-- [ RunTime:0.013617s ]
INFO: [ view_filter ] --START--
INFO: Run Behavior\WriteHtmlCacheBehavior [ RunTime:0.000361s ]
INFO: [ view_filter ] --END-- [ RunTime:0.000456s ]
INFO: [ app_end ] --START--
INFO: Run Behavior\ShowPageTraceBehavior [ RunTime:0.000449s ]
INFO: [ app_end ] --END-- [ RunTime:0.000512s ]

[ 2017-02-23T01:02:48+08:00 ] 127.0.0.1 /PHP/admin.php?c=content&a=push
INFO: [ app_init ] --START--
INFO: Run Behavior\BuildLiteBehavior [ RunTime:0.000022s ]
INFO: [ app_init ] --END-- [ RunTime:0.000326s ]
INFO: [ app_begin ] --START--
INFO: Run Behavior\ReadHtmlCacheBehavior [ RunTime:0.000375s ]
INFO: [ app_begin ] --END-- [ RunTime:0.000437s ]
NOTIC: [2048] Declaration of Admin\Controller\ContentController::listorder() should be compatible with Admin\Controller\CommonController::listorder($model) E:\wamp\www\PHP\App\Admin\Controller\ContentController.class.php 第 9 行.
NOTIC: [2048] Declaration of Admin\Controller\ContentController::setStatus() should be compatible with Admin\Controller\CommonController::setStatus($model) E:\wamp\www\PHP\App\Admin\Controller\ContentController.class.php 第 9 行.
NOTIC: [2048] Declaration of Common\Model\NewsModel::find() should be compatible with Think\Model::find($options = Array) E:\wamp\www\PHP\App\Common\Model\NewsModel.class.php 第 5 行.
SQL: SHOW COLUMNS FROM `obj_news` [ RunTime:0.0031s ]
SQL: SELECT * FROM `obj_news` WHERE `status` <> -1 AND `news_id` IN ('20','19')  [ RunTime:0.0004s ]

[ 2017-02-23T01:05:04+08:00 ] 127.0.0.1 /PHP/admin.php?c=content
INFO: [ app_init ] --START--
INFO: Run Behavior\BuildLiteBehavior [ RunTime:0.000025s ]
INFO: [ app_init ] --END-- [ RunTime:0.000407s ]
INFO: [ app_begin ] --START--
INFO: Run Behavior\ReadHtmlCacheBehavior [ RunTime:0.000568s ]
INFO: [ app_begin ] --END-- [ RunTime:0.000672s ]
NOTIC: [2048] Declaration of Admin\Controller\ContentController::listorder() should be compatible with Admin\Controller\CommonController::listorder($model) E:\wamp\www\PHP\App\Admin\Controller\ContentController.class.php 第 9 行.
NOTIC: [2048] Declaration of Admin\Controller\ContentController::setStatus() should be compatible with Admin\Controller\CommonController::setStatus($model) E:\wamp\www\PHP\App\Admin\Controller\ContentController.class.php 第 9 行.
NOTIC: [2048] Declaration of Common\Model\NewsModel::find() should be compatible with Think\Model::find($options = Array) E:\wamp\www\PHP\App\Common\Model\NewsModel.class.php 第 5 行.
SQL: SHOW COLUMNS FROM `obj_news` [ RunTime:0.0116s ]
NOTIC: [8] Undefined variable: cond E:\wamp\www\PHP\App\Admin\Controller\ContentController.class.php 第 24 行.
SQL: SELECT * FROM `obj_news` WHERE `status` <> -1 ORDER BY `listorder` desc,`news_id` desc LIMIT 0,5   [ RunTime:0.0004s ]
NOTIC: [8] Undefined variable: cond E:\wamp\www\PHP\App\Admin\Controller\ContentController.class.php 第 25 行.
SQL: SELECT COUNT(*) AS tp_count FROM `obj_news` LIMIT 1   [ RunTime:0.0001s ]
SQL: SHOW COLUMNS FROM `obj_menu` [ RunTime:0.0033s ]
SQL: SELECT `menu_id`,`name`,`m`,`c`,`f` FROM `obj_menu` WHERE `status` = 1 AND `type` = 2  [ RunTime:0.0002s ]
NOTIC: [2048] Declaration of Common\Model\PositionModel::find() should be compatible with Think\Model::find($options = Array) E:\wamp\www\PHP\App\Common\Model\PositionModel.class.php 第 90 行.
SQL: SHOW COLUMNS FROM `obj_position` [ RunTime:0.0020s ]
SQL: SELECT * FROM `obj_position` WHERE `status` = 1 ORDER BY id  [ RunTime:0.0002s ]
INFO: [ view_parse ] --START--
INFO: [ template_filter ] --START--
INFO: Run Behavior\ContentReplaceBehavior [ RunTime:0.000085s ]
INFO: [ template_filter ] --END-- [ RunTime:0.000164s ]
SQL: SELECT `menu_id`,`name`,`m`,`c`,`f` FROM `obj_menu` WHERE `status` = 1 AND `type` = 1  [ RunTime:0.0003s ]
NOTIC: [8] Undefined variable: catid E:\wamp\www\PHP\App\Runtime\Cache\Admin\6e3791952b5e133e055abbbf30a98617.php 第 112 行.
NOTIC: [8] Undefined variable: title E:\wamp\www\PHP\App\Runtime\Cache\Admin\6e3791952b5e133e055abbbf30a98617.php 第 120 行.
INFO: Run Behavior\ParseTemplateBehavior [ RunTime:0.014702s ]
INFO: [ view_parse ] --END-- [ RunTime:0.014799s ]
INFO: [ view_filter ] --START--
INFO: Run Behavior\WriteHtmlCacheBehavior [ RunTime:0.001156s ]
INFO: [ view_filter ] --END-- [ RunTime:0.001545s ]
INFO: [ app_end ] --START--
INFO: Run Behavior\ShowPageTraceBehavior [ RunTime:0.000879s ]
INFO: [ app_end ] --END-- [ RunTime:0.001001s ]

[ 2017-02-23T01:05:07+08:00 ] 127.0.0.1 /PHP/admin.php?c=content&a=push
INFO: [ app_init ] --START--
INFO: Run Behavior\BuildLiteBehavior [ RunTime:0.000023s ]
INFO: [ app_init ] --END-- [ RunTime:0.000317s ]
INFO: [ app_begin ] --START--
INFO: Run Behavior\ReadHtmlCacheBehavior [ RunTime:0.000376s ]
INFO: [ app_begin ] --END-- [ RunTime:0.000444s ]
NOTIC: [2048] Declaration of Admin\Controller\ContentController::listorder() should be compatible with Admin\Controller\CommonController::listorder($model) E:\wamp\www\PHP\App\Admin\Controller\ContentController.class.php 第 9 行.
NOTIC: [2048] Declaration of Admin\Controller\ContentController::setStatus() should be compatible with Admin\Controller\CommonController::setStatus($model) E:\wamp\www\PHP\App\Admin\Controller\ContentController.class.php 第 9 行.
NOTIC: [2048] Declaration of Common\Model\NewsModel::find() should be compatible with Think\Model::find($options = Array) E:\wamp\www\PHP\App\Common\Model\NewsModel.class.php 第 5 行.
SQL: SHOW COLUMNS FROM `obj_news` [ RunTime:0.0023s ]
SQL: SELECT * FROM `obj_news` WHERE `status` <> -1 AND `news_id` IN ('20','19')  [ RunTime:0.0003s ]
NOTIC: [2048] Declaration of Common\Model\PositionContentModel::find() should be compatible with Think\Model::find($options = Array) E:\wamp\www\PHP\App\Common\Model\PositionContentModel.class.php 第 89 行.
SQL: SHOW COLUMNS FROM `obj_position_content` [ RunTime:0.0021s ]
SQL: INSERT INTO `obj_position_content` (`position_id`,`title`,`thumb`,`news_id`,`create_time`,`status`) VALUES ('1','你奶奶个腿的','./upload/2017/02/21/58ab17ce4e9cf.png','20','1487783107','1') [ RunTime:0.0002s ]

[ 2017-02-23T01:06:19+08:00 ] 127.0.0.1 /PHP/admin.php?c=content
INFO: [ app_init ] --START--
INFO: Run Behavior\BuildLiteBehavior [ RunTime:0.000023s ]
INFO: [ app_init ] --END-- [ RunTime:0.000326s ]
INFO: [ app_begin ] --START--
INFO: Run Behavior\ReadHtmlCacheBehavior [ RunTime:0.000411s ]
INFO: [ app_begin ] --END-- [ RunTime:0.000496s ]
NOTIC: [2048] Declaration of Admin\Controller\ContentController::listorder() should be compatible with Admin\Controller\CommonController::listorder($model) E:\wamp\www\PHP\App\Admin\Controller\ContentController.class.php 第 9 行.
NOTIC: [2048] Declaration of Admin\Controller\ContentController::setStatus() should be compatible with Admin\Controller\CommonController::setStatus($model) E:\wamp\www\PHP\App\Admin\Controller\ContentController.class.php 第 9 行.
NOTIC: [2048] Declaration of Common\Model\NewsModel::find() should be compatible with Think\Model::find($options = Array) E:\wamp\www\PHP\App\Common\Model\NewsModel.class.php 第 5 行.
SQL: SHOW COLUMNS FROM `obj_news` [ RunTime:0.0024s ]
NOTIC: [8] Undefined variable: cond E:\wamp\www\PHP\App\Admin\Controller\ContentController.class.php 第 24 行.
SQL: SELECT * FROM `obj_news` WHERE `status` <> -1 ORDER BY `listorder` desc,`news_id` desc LIMIT 0,5   [ RunTime:0.0006s ]
NOTIC: [8] Undefined variable: cond E:\wamp\www\PHP\App\Admin\Controller\ContentController.class.php 第 25 行.
SQL: SELECT COUNT(*) AS tp_count FROM `obj_news` LIMIT 1   [ RunTime:0.0002s ]
SQL: SHOW COLUMNS FROM `obj_menu` [ RunTime:0.0035s ]
SQL: SELECT `menu_id`,`name`,`m`,`c`,`f` FROM `obj_menu` WHERE `status` = 1 AND `type` = 2  [ RunTime:0.0004s ]
NOTIC: [2048] Declaration of Common\Model\PositionModel::find() should be compatible with Think\Model::find($options = Array) E:\wamp\www\PHP\App\Common\Model\PositionModel.class.php 第 90 行.
SQL: SHOW COLUMNS FROM `obj_position` [ RunTime:0.0020s ]
SQL: SELECT * FROM `obj_position` WHERE `status` = 1 ORDER BY id  [ RunTime:0.0002s ]
INFO: [ view_parse ] --START--
INFO: [ template_filter ] --START--
INFO: Run Behavior\ContentReplaceBehavior [ RunTime:0.000089s ]
INFO: [ template_filter ] --END-- [ RunTime:0.000177s ]
SQL: SELECT `menu_id`,`name`,`m`,`c`,`f` FROM `obj_menu` WHERE `status` = 1 AND `type` = 1  [ RunTime:0.0005s ]
NOTIC: [8] Undefined variable: catid E:\wamp\www\PHP\App\Runtime\Cache\Admin\6e3791952b5e133e055abbbf30a98617.php 第 112 行.
NOTIC: [8] Undefined variable: title E:\wamp\www\PHP\App\Runtime\Cache\Admin\6e3791952b5e133e055abbbf30a98617.php 第 120 行.
INFO: Run Behavior\ParseTemplateBehavior [ RunTime:0.024814s ]
INFO: [ view_parse ] --END-- [ RunTime:0.024918s ]
INFO: [ view_filter ] --START--
INFO: Run Behavior\WriteHtmlCacheBehavior [ RunTime:0.000532s ]
INFO: [ view_filter ] --END-- [ RunTime:0.000635s ]
INFO: [ app_end ] --START--
INFO: Run Behavior\ShowPageTraceBehavior [ RunTime:0.000892s ]
INFO: [ app_end ] --END-- [ RunTime:0.001009s ]

[ 2017-02-23T01:06:25+08:00 ] 127.0.0.1 /PHP/admin.php?c=content&a=push
INFO: [ app_init ] --START--
INFO: Run Behavior\BuildLiteBehavior [ RunTime:0.000019s ]
INFO: [ app_init ] --END-- [ RunTime:0.000325s ]
INFO: [ app_begin ] --START--
INFO: Run Behavior\ReadHtmlCacheBehavior [ RunTime:0.000332s ]
INFO: [ app_begin ] --END-- [ RunTime:0.000390s ]
NOTIC: [2048] Declaration of Admin\Controller\ContentController::listorder() should be compatible with Admin\Controller\CommonController::listorder($model) E:\wamp\www\PHP\App\Admin\Controller\ContentController.class.php 第 9 行.
NOTIC: [2048] Declaration of Admin\Controller\ContentController::setStatus() should be compatible with Admin\Controller\CommonController::setStatus($model) E:\wamp\www\PHP\App\Admin\Controller\ContentController.class.php 第 9 行.
NOTIC: [2048] Declaration of Common\Model\NewsModel::find() should be compatible with Think\Model::find($options = Array) E:\wamp\www\PHP\App\Common\Model\NewsModel.class.php 第 5 行.
SQL: SHOW COLUMNS FROM `obj_news` [ RunTime:0.0025s ]
SQL: SELECT * FROM `obj_news` WHERE `status` <> -1 AND `news_id` IN ('17','21','20','19','18')  [ RunTime:0.0005s ]
NOTIC: [2048] Declaration of Common\Model\PositionContentModel::find() should be compatible with Think\Model::find($options = Array) E:\wamp\www\PHP\App\Common\Model\PositionContentModel.class.php 第 89 行.
SQL: SHOW COLUMNS FROM `obj_position_content` [ RunTime:0.0090s ]
SQL: INSERT INTO `obj_position_content` (`position_id`,`title`,`thumb`,`news_id`,`create_time`,`status`) VALUES ('1','我就服了','./upload/2017/02/21/58ab17ce4e9cf.png','17','1487783185','1') [ RunTime:0.0003s ]
SQL: INSERT INTO `obj_position_content` (`position_id`,`title`,`thumb`,`news_id`,`create_time`,`status`) VALUES ('1','希望明天有面试','./upload/2017/02/21/58ab17ce4e9cf.png','18','1487783185','1') [ RunTime:0.0002s ]
SQL: INSERT INTO `obj_position_content` (`position_id`,`title`,`thumb`,`news_id`,`create_time`,`status`) VALUES ('1','老板眼睛是不是瞎','./upload/2017/02/21/58ab17ce4e9cf.png','19','1487783185','1') [ RunTime:0.0002s ]
SQL: INSERT INTO `obj_position_content` (`position_id`,`title`,`thumb`,`news_id`,`create_time`,`status`) VALUES ('1','你奶奶个腿的','./upload/2017/02/21/58ab17ce4e9cf.png','20','1487783185','1') [ RunTime:0.0002s ]
SQL: INSERT INTO `obj_position_content` (`position_id`,`title`,`thumb`,`news_id`,`create_time`,`status`) VALUES ('1','张旋只玩王者荣耀','./upload/2017/02/21/58ab17ce4e9cf.png','21','1487783185','1') [ RunTime:0.0002s ]

[ 2017-02-23T01:06:26+08:00 ] 127.0.0.1 /PHP/admin.php?c=content
INFO: [ app_init ] --START--
INFO: Run Behavior\BuildLiteBehavior [ RunTime:0.000021s ]
INFO: [ app_init ] --END-- [ RunTime:0.000315s ]
INFO: [ app_begin ] --START--
INFO: Run Behavior\ReadHtmlCacheBehavior [ RunTime:0.000630s ]
INFO: [ app_begin ] --END-- [ RunTime:0.000748s ]
NOTIC: [2048] Declaration of Admin\Controller\ContentController::listorder() should be compatible with Admin\Controller\CommonController::listorder($model) E:\wamp\www\PHP\App\Admin\Controller\ContentController.class.php 第 9 行.
NOTIC: [2048] Declaration of Admin\Controller\ContentController::setStatus() should be compatible with Admin\Controller\CommonController::setStatus($model) E:\wamp\www\PHP\App\Admin\Controller\ContentController.class.php 第 9 行.
NOTIC: [2048] Declaration of Common\Model\NewsModel::find() should be compatible with Think\Model::find($options = Array) E:\wamp\www\PHP\App\Common\Model\NewsModel.class.php 第 5 行.
SQL: SHOW COLUMNS FROM `obj_news` [ RunTime:0.0022s ]
NOTIC: [8] Undefined variable: cond E:\wamp\www\PHP\App\Admin\Controller\ContentController.class.php 第 24 行.
SQL: SELECT * FROM `obj_news` WHERE `status` <> -1 ORDER BY `listorder` desc,`news_id` desc LIMIT 0,5   [ RunTime:0.0004s ]
NOTIC: [8] Undefined variable: cond E:\wamp\www\PHP\App\Admin\Controller\ContentController.class.php 第 25 行.
SQL: SELECT COUNT(*) AS tp_count FROM `obj_news` LIMIT 1   [ RunTime:0.0001s ]
SQL: SHOW COLUMNS FROM `obj_menu` [ RunTime:0.0019s ]
SQL: SELECT `menu_id`,`name`,`m`,`c`,`f` FROM `obj_menu` WHERE `status` = 1 AND `type` = 2  [ RunTime:0.0002s ]
NOTIC: [2048] Declaration of Common\Model\PositionModel::find() should be compatible with Think\Model::find($options = Array) E:\wamp\www\PHP\App\Common\Model\PositionModel.class.php 第 90 行.
SQL: SHOW COLUMNS FROM `obj_position` [ RunTime:0.0120s ]
SQL: SELECT * FROM `obj_position` WHERE `status` = 1 ORDER BY id  [ RunTime:0.0002s ]
INFO: [ view_parse ] --START--
INFO: [ template_filter ] --START--
INFO: Run Behavior\ContentReplaceBehavior [ RunTime:0.000078s ]
INFO: [ template_filter ] --END-- [ RunTime:0.000152s ]
SQL: SELECT `menu_id`,`name`,`m`,`c`,`f` FROM `obj_menu` WHERE `status` = 1 AND `type` = 1  [ RunTime:0.0003s ]
NOTIC: [8] Undefined variable: catid E:\wamp\www\PHP\App\Runtime\Cache\Admin\6e3791952b5e133e055abbbf30a98617.php 第 112 行.
NOTIC: [8] Undefined variable: title E:\wamp\www\PHP\App\Runtime\Cache\Admin\6e3791952b5e133e055abbbf30a98617.php 第 120 行.
INFO: Run Behavior\ParseTemplateBehavior [ RunTime:0.012991s ]
INFO: [ view_parse ] --END-- [ RunTime:0.013059s ]
INFO: [ view_filter ] --START--
INFO: Run Behavior\WriteHtmlCacheBehavior [ RunTime:0.000270s ]
INFO: [ view_filter ] --END-- [ RunTime:0.000327s ]
INFO: [ app_end ] --START--
INFO: Run Behavior\ShowPageTraceBehavior [ RunTime:0.000462s ]
INFO: [ app_end ] --END-- [ RunTime:0.000524s ]

