[ 2017-02-10T17:22:28+08:00 ] 127.0.0.1 /PHP/admin.php?c=menu
INFO: [ app_init ] --START--
INFO: Run Behavior\BuildLiteBehavior [ RunTime:0.000000s ]
INFO: [ app_init ] --END-- [ RunTime:0.000000s ]
INFO: [ app_begin ] --START--
INFO: Run Behavior\ReadHtmlCacheBehavior [ RunTime:0.001000s ]
INFO: [ app_begin ] --END-- [ RunTime:0.001000s ]
NOTIC: [2048] Declaration of Admin\Controller\MenuController::listorder() should be compatible with Admin\Controller\CommonController::listorder($model) G:\wamp64\www\PHP\App\Admin\Controller\MenuController.class.php 第 10 行.
NOTIC: [2048] Declaration of Admin\Controller\MenuController::setStatus() should be compatible with Admin\Controller\CommonController::setStatus($model) G:\wamp64\www\PHP\App\Admin\Controller\MenuController.class.php 第 10 行.
SQL: SHOW COLUMNS FROM `obj_menu` [ RunTime:0.0330s ]
NOTIC: [8] Undefined index: type G:\wamp64\www\PHP\App\Common\Model\MenuModel.class.php 第 24 行.
NOTIC: [8] Undefined index: type G:\wamp64\www\PHP\App\Common\Model\MenuModel.class.php 第 28 行.
NOTIC: [8] Undefined index: type G:\wamp64\www\PHP\App\Common\Model\MenuModel.class.php 第 30 行.
SQL: SELECT * FROM `obj_menu` WHERE `type` = null AND `status` <> -1 ORDER BY `menu_id` desc,`listorder` desc LIMIT 0,10   [ RunTime:0.0700s ]
NOTIC: [8] Undefined index: title G:\wamp64\www\PHP\App\Common\Model\MenuModel.class.php 第 40 行.
SQL: SELECT COUNT(*) AS tp_count FROM `obj_menu` LIMIT 1   [ RunTime:0.0420s ]
INFO: [ view_parse ] --START--
INFO: [ template_filter ] --START--
INFO: Run Behavior\ContentReplaceBehavior [ RunTime:0.000000s ]
INFO: [ template_filter ] --END-- [ RunTime:0.000000s ]
SQL: SELECT `menu_id`,`name`,`m`,`c`,`f` FROM `obj_menu` WHERE `status` <> -1 AND `type` = 1  [ RunTime:0.0010s ]
NOTIC: [8] Array to string conversion G:\wamp64\www\PHP\App\Runtime\Cache\Admin\5a1d71dcf039f1b3725a8d8d96ae9d91.php 第 99 行.
INFO: Run Behavior\ParseTemplateBehavior [ RunTime:0.038002s ]
INFO: [ view_parse ] --END-- [ RunTime:0.038002s ]
INFO: [ view_filter ] --START--
INFO: Run Behavior\WriteHtmlCacheBehavior [ RunTime:0.001000s ]
INFO: [ view_filter ] --END-- [ RunTime:0.001000s ]
INFO: [ app_end ] --START--
INFO: Run Behavior\ShowPageTraceBehavior [ RunTime:0.001000s ]
INFO: [ app_end ] --END-- [ RunTime:0.001000s ]

